2022-09-02T07:23:59+00:00 CRITICAL Uncaught ArgumentCountError: Too few arguments to function wc_get_template(), 0 passed in C:\OpenServer\domains\Woocommerce\wp-content\themes\primdog\header.php on line 77 and at least 1 expected in C:\OpenServer\domains\Woocommerce\wp-content\plugins\woocommerce\includes\wc-core-functions.php:296
Stack trace:
#0 C:\OpenServer\domains\Woocommerce\wp-content\themes\primdog\header.php(77): wc_get_template()
#1 C:\OpenServer\domains\Woocommerce\wp-includes\template.php(770): require_once('C:\\OpenServer\\d...')
#2 C:\OpenServer\domains\Woocommerce\wp-includes\template.php(716): load_template()
#3 C:\OpenServer\domains\Woocommerce\wp-includes\general-template.php(48): locate_template()
#4 C:\OpenServer\domains\Woocommerce\wp-content\themes\primdog\index.php(8): get_header()
#5 C:\OpenServer\domains\Woocommerce\wp-includes\template-loader.php(106): include('C:\\OpenServer\\d...')
#6 C:\OpenServer\domains\Woocommerce\wp-blog-header.php(19): require_once('C:\\OpenServer\\d...')
#7 C:\OpenServer\domains\Woocommerce\i в C:\OpenServer\domains\Woocommerce\wp-content\plugins\woocommerce\includes\wc-core-functions.php на строке 296

2022-09-02T07:24:11+00:00 CRITICAL Uncaught ArgumentCountError: Too few arguments to function wc_get_template(), 0 passed in C:\OpenServer\domains\Woocommerce\wp-content\themes\primdog\header.php on line 77 and at least 1 expected in C:\OpenServer\domains\Woocommerce\wp-content\plugins\woocommerce\includes\wc-core-functions.php:296
Stack trace:
#0 C:\OpenServer\domains\Woocommerce\wp-content\themes\primdog\header.php(77): wc_get_template()
#1 C:\OpenServer\domains\Woocommerce\wp-includes\template.php(770): require_once('C:\\OpenServer\\d...')
#2 C:\OpenServer\domains\Woocommerce\wp-includes\template.php(716): load_template()
#3 C:\OpenServer\domains\Woocommerce\wp-includes\general-template.php(48): locate_template()
#4 C:\OpenServer\domains\Woocommerce\wp-content\themes\primdog\index.php(8): get_header()
#5 C:\OpenServer\domains\Woocommerce\wp-includes\template-loader.php(106): include('C:\\OpenServer\\d...')
#6 C:\OpenServer\domains\Woocommerce\wp-blog-header.php(19): require_once('C:\\OpenServer\\d...')
#7 C:\OpenServer\domains\Woocommerce\i в C:\OpenServer\domains\Woocommerce\wp-content\plugins\woocommerce\includes\wc-core-functions.php на строке 296

2022-09-02T07:24:45+00:00 CRITICAL Uncaught ArgumentCountError: Too few arguments to function wc_get_template(), 0 passed in C:\OpenServer\domains\Woocommerce\wp-content\themes\primdog\index.php on line 31 and at least 1 expected in C:\OpenServer\domains\Woocommerce\wp-content\plugins\woocommerce\includes\wc-core-functions.php:296
Stack trace:
#0 C:\OpenServer\domains\Woocommerce\wp-content\themes\primdog\index.php(31): wc_get_template()
#1 C:\OpenServer\domains\Woocommerce\wp-includes\template-loader.php(106): include('C:\\OpenServer\\d...')
#2 C:\OpenServer\domains\Woocommerce\wp-blog-header.php(19): require_once('C:\\OpenServer\\d...')
#3 C:\OpenServer\domains\Woocommerce\index.php(17): require('C:\\OpenServer\\d...')
#4 {main}
  thrown в C:\OpenServer\domains\Woocommerce\wp-content\plugins\woocommerce\includes\wc-core-functions.php на строке 296

2022-09-02T07:25:40+00:00 CRITICAL Uncaught ArgumentCountError: Too few arguments to function wc_get_template(), 0 passed in C:\OpenServer\domains\Woocommerce\wp-content\themes\primdog\index.php on line 32 and at least 1 expected in C:\OpenServer\domains\Woocommerce\wp-content\plugins\woocommerce\includes\wc-core-functions.php:296
Stack trace:
#0 C:\OpenServer\domains\Woocommerce\wp-content\themes\primdog\index.php(32): wc_get_template()
#1 C:\OpenServer\domains\Woocommerce\wp-includes\template-loader.php(106): include('C:\\OpenServer\\d...')
#2 C:\OpenServer\domains\Woocommerce\wp-blog-header.php(19): require_once('C:\\OpenServer\\d...')
#3 C:\OpenServer\domains\Woocommerce\index.php(17): require('C:\\OpenServer\\d...')
#4 {main}
  thrown в C:\OpenServer\domains\Woocommerce\wp-content\plugins\woocommerce\includes\wc-core-functions.php на строке 296

2022-09-02T11:16:40+00:00 CRITICAL Uncaught Error: Call to a member function get_regular_price() on null in C:\OpenServer\domains\Woocommerce\wp-content\themes\primdog\index.php:47
Stack trace:
#0 C:\OpenServer\domains\Woocommerce\wp-includes\template-loader.php(106): include()
#1 C:\OpenServer\domains\Woocommerce\wp-blog-header.php(19): require_once('C:\\OpenServer\\d...')
#2 C:\OpenServer\domains\Woocommerce\index.php(17): require('C:\\OpenServer\\d...')
#3 {main}
  thrown в C:\OpenServer\domains\Woocommerce\wp-content\themes\primdog\index.php на строке 47

2022-09-02T11:16:55+00:00 CRITICAL Uncaught Error: Call to undefined method WP_Post::get_regular_price() in C:\OpenServer\domains\Woocommerce\wp-content\themes\primdog\index.php:47
Stack trace:
#0 C:\OpenServer\domains\Woocommerce\wp-includes\template-loader.php(106): include()
#1 C:\OpenServer\domains\Woocommerce\wp-blog-header.php(19): require_once('C:\\OpenServer\\d...')
#2 C:\OpenServer\domains\Woocommerce\index.php(17): require('C:\\OpenServer\\d...')
#3 {main}
  thrown в C:\OpenServer\domains\Woocommerce\wp-content\themes\primdog\index.php на строке 47

2022-09-02T11:17:31+00:00 CRITICAL Uncaught Error: Call to undefined method WP_Post::get_regular_price() in C:\OpenServer\domains\Woocommerce\wp-content\themes\primdog\index.php:47
Stack trace:
#0 C:\OpenServer\domains\Woocommerce\wp-includes\template-loader.php(106): include()
#1 C:\OpenServer\domains\Woocommerce\wp-blog-header.php(19): require_once('C:\\OpenServer\\d...')
#2 C:\OpenServer\domains\Woocommerce\index.php(17): require('C:\\OpenServer\\d...')
#3 {main}
  thrown в C:\OpenServer\domains\Woocommerce\wp-content\themes\primdog\index.php на строке 47

2022-09-02T11:17:38+00:00 CRITICAL Uncaught Error: Call to undefined method WP_Post::get_regular_price() in C:\OpenServer\domains\Woocommerce\wp-content\themes\primdog\index.php:47
Stack trace:
#0 C:\OpenServer\domains\Woocommerce\wp-includes\template-loader.php(106): include()
#1 C:\OpenServer\domains\Woocommerce\wp-blog-header.php(19): require_once('C:\\OpenServer\\d...')
#2 C:\OpenServer\domains\Woocommerce\index.php(17): require('C:\\OpenServer\\d...')
#3 {main}
  thrown в C:\OpenServer\domains\Woocommerce\wp-content\themes\primdog\index.php на строке 47

2022-09-02T11:18:16+00:00 CRITICAL Uncaught Error: Call to undefined method WP_Post::get_regular_price() in C:\OpenServer\domains\Woocommerce\wp-content\themes\primdog\index.php:50
Stack trace:
#0 C:\OpenServer\domains\Woocommerce\wp-includes\template-loader.php(106): include()
#1 C:\OpenServer\domains\Woocommerce\wp-blog-header.php(19): require_once('C:\\OpenServer\\d...')
#2 C:\OpenServer\domains\Woocommerce\index.php(17): require('C:\\OpenServer\\d...')
#3 {main}
  thrown в C:\OpenServer\domains\Woocommerce\wp-content\themes\primdog\index.php на строке 50

2022-09-02T11:33:43+00:00 CRITICAL Uncaught Error: Cannot use object of type WC_Product_Variable as array in C:\OpenServer\domains\Woocommerce\wp-content\themes\primdog\index.php:48
Stack trace:
#0 C:\OpenServer\domains\Woocommerce\wp-includes\template-loader.php(106): include()
#1 C:\OpenServer\domains\Woocommerce\wp-blog-header.php(19): require_once('C:\\OpenServer\\d...')
#2 C:\OpenServer\domains\Woocommerce\index.php(17): require('C:\\OpenServer\\d...')
#3 {main}
  thrown в C:\OpenServer\domains\Woocommerce\wp-content\themes\primdog\index.php на строке 48

2022-09-02T11:33:54+00:00 CRITICAL Uncaught Error: Cannot use object of type WC_Product_Variable as array in C:\OpenServer\domains\Woocommerce\wp-content\themes\primdog\index.php:48
Stack trace:
#0 C:\OpenServer\domains\Woocommerce\wp-includes\template-loader.php(106): include()
#1 C:\OpenServer\domains\Woocommerce\wp-blog-header.php(19): require_once('C:\\OpenServer\\d...')
#2 C:\OpenServer\domains\Woocommerce\index.php(17): require('C:\\OpenServer\\d...')
#3 {main}
  thrown в C:\OpenServer\domains\Woocommerce\wp-content\themes\primdog\index.php на строке 48

2022-09-02T11:35:08+00:00 CRITICAL Uncaught Error: Cannot use object of type WC_Product_Variable as array in C:\OpenServer\domains\Woocommerce\wp-content\themes\primdog\index.php:48
Stack trace:
#0 C:\OpenServer\domains\Woocommerce\wp-includes\template-loader.php(106): include()
#1 C:\OpenServer\domains\Woocommerce\wp-blog-header.php(19): require_once('C:\\OpenServer\\d...')
#2 C:\OpenServer\domains\Woocommerce\index.php(17): require('C:\\OpenServer\\d...')
#3 {main}
  thrown в C:\OpenServer\domains\Woocommerce\wp-content\themes\primdog\index.php на строке 48

2022-09-02T11:35:19+00:00 CRITICAL Uncaught Error: Cannot use object of type WC_Product_Variable as array in C:\OpenServer\domains\Woocommerce\wp-content\themes\primdog\index.php:48
Stack trace:
#0 C:\OpenServer\domains\Woocommerce\wp-includes\template-loader.php(106): include()
#1 C:\OpenServer\domains\Woocommerce\wp-blog-header.php(19): require_once('C:\\OpenServer\\d...')
#2 C:\OpenServer\domains\Woocommerce\index.php(17): require('C:\\OpenServer\\d...')
#3 {main}
  thrown в C:\OpenServer\domains\Woocommerce\wp-content\themes\primdog\index.php на строке 48

2022-09-02T11:35:22+00:00 CRITICAL Uncaught Error: Cannot use object of type WC_Product_Variable as array in C:\OpenServer\domains\Woocommerce\wp-content\themes\primdog\index.php:48
Stack trace:
#0 C:\OpenServer\domains\Woocommerce\wp-includes\template-loader.php(106): include()
#1 C:\OpenServer\domains\Woocommerce\wp-blog-header.php(19): require_once('C:\\OpenServer\\d...')
#2 C:\OpenServer\domains\Woocommerce\index.php(17): require('C:\\OpenServer\\d...')
#3 {main}
  thrown в C:\OpenServer\domains\Woocommerce\wp-content\themes\primdog\index.php на строке 48

2022-09-02T11:35:59+00:00 CRITICAL Uncaught Error: Cannot use object of type WC_Product_Variable as array in C:\OpenServer\domains\Woocommerce\wp-content\themes\primdog\index.php:48
Stack trace:
#0 C:\OpenServer\domains\Woocommerce\wp-includes\template-loader.php(106): include()
#1 C:\OpenServer\domains\Woocommerce\wp-blog-header.php(19): require_once('C:\\OpenServer\\d...')
#2 C:\OpenServer\domains\Woocommerce\index.php(17): require('C:\\OpenServer\\d...')
#3 {main}
  thrown в C:\OpenServer\domains\Woocommerce\wp-content\themes\primdog\index.php на строке 48

2022-09-02T11:36:52+00:00 CRITICAL Uncaught Error: Cannot use object of type WC_Product_Variable as array in C:\OpenServer\domains\Woocommerce\wp-content\themes\primdog\index.php:48
Stack trace:
#0 C:\OpenServer\domains\Woocommerce\wp-includes\template-loader.php(106): include()
#1 C:\OpenServer\domains\Woocommerce\wp-blog-header.php(19): require_once('C:\\OpenServer\\d...')
#2 C:\OpenServer\domains\Woocommerce\index.php(17): require('C:\\OpenServer\\d...')
#3 {main}
  thrown в C:\OpenServer\domains\Woocommerce\wp-content\themes\primdog\index.php на строке 48

2022-09-02T11:41:00+00:00 CRITICAL Uncaught Error: Cannot use object of type WC_Product_Variable as array in C:\OpenServer\domains\Woocommerce\wp-content\themes\primdog\index.php:48
Stack trace:
#0 C:\OpenServer\domains\Woocommerce\wp-includes\template-loader.php(106): include()
#1 C:\OpenServer\domains\Woocommerce\wp-blog-header.php(19): require_once('C:\\OpenServer\\d...')
#2 C:\OpenServer\domains\Woocommerce\index.php(17): require('C:\\OpenServer\\d...')
#3 {main}
  thrown в C:\OpenServer\domains\Woocommerce\wp-content\themes\primdog\index.php на строке 48

2022-09-02T11:41:14+00:00 CRITICAL syntax error, unexpected '=>' (T_DOUBLE_ARROW), expecting ')' в C:\OpenServer\domains\Woocommerce\wp-content\themes\primdog\index.php на строке 48

2022-09-02T11:41:23+00:00 CRITICAL syntax error, unexpected ''data:protected'' (T_CONSTANT_ENCAPSED_STRING), expecting identifier (T_STRING) or variable (T_VARIABLE) or '{' or '$' в C:\OpenServer\domains\Woocommerce\wp-content\themes\primdog\index.php на строке 48

